<?xml version="1.0" encoding="UTF-8"?>
<!-- Generated by org.testng.reporters.JUnitReportReporter -->
<testsuite skipped="0" hostname="LAPTOP-S5P85C2M" name="org.tryy.TryClass" tests="1" failures="0" timestamp="09 Mar 2024 12:14:28 GMT" time="0.011" errors="0">
  <testcase name="test1" time="0.011" classname="org.tryy.TryClass"/>
</testsuite> <!-- org.tryy.TryClass -->
