<?xml version="1.0" encoding="UTF-8"?>
<!-- Generated by org.testng.reporters.JUnitReportReporter -->
<testsuite skipped="0" hostname="LAPTOP-S5P85C2M" name="org.tryy.TryClass" tests="2" failures="0" timestamp="12 Mar 2024 16:15:13 GMT" time="0.012" errors="0">
  <testcase name="test1" time="0.010" classname="org.tryy.TryClass"/>
  <testcase name="test2" time="0.002" classname="org.tryy.TryClass"/>
</testsuite> <!-- org.tryy.TryClass -->
